<?xml version="1.0" encoding="UTF-8"?>
<!-- Generated by org.testng.reporters.JUnitReportReporter -->
<testsuite skipped="0" hostname="DESKTOP-AFPGM20" name="com.test.Alationassignment" tests="1" failures="0" timestamp="26 Feb 2019 18:41:09 GMT" time="16.457" errors="0">
  <testcase name="test1" time="16.457" classname="com.test.Alationassignment"/>
</testsuite> <!-- com.test.Alationassignment -->
